<?xml version="1.0" encoding="UTF-8"?>
<testng-results ignored="0" total="1" passed="1" failed="0" skipped="0">
  <reporter-output>
  </reporter-output>
  <suite started-at="2026-03-03T13:31:41 IST" name="Default suite" finished-at="2026-03-03T13:31:52 IST" duration-ms="10587">
    <groups>
    </groups>
    <test started-at="2026-03-03T13:31:41 IST" name="Default test" finished-at="2026-03-03T13:31:52 IST" duration-ms="10587">
      <class name="testing.Swag_Labs.footer_links">
        <test-method is-config="true" signature="launch()[pri:0, instance:testing.Swag_Labs.footer_links@74e52ef6]" started-at="2026-03-03T13:31:41 IST" name="launch" finished-at="2026-03-03T13:31:44 IST" duration-ms="3049" status="PASS">
          <reporter-output>
          </reporter-output>
        </test-method> <!-- launch -->
        <test-method signature="f_links()[pri:0, instance:testing.Swag_Labs.footer_links@74e52ef6]" started-at="2026-03-03T13:31:44 IST" name="f_links" finished-at="2026-03-03T13:31:52 IST" duration-ms="7458" status="PASS">
          <reporter-output>
          </reporter-output>
        </test-method> <!-- f_links -->
      </class> <!-- testing.Swag_Labs.footer_links -->
    </test> <!-- Default test -->
  </suite> <!-- Default suite -->
</testng-results>
