<?xml version="1.0" encoding="UTF-8"?>
<!-- Generated by org.testng.reporters.JUnitReportReporter -->
<testsuite hostname="SAKSHI" failures="0" tests="6" name="testing.Swag_Labs.checkout_functionality" time="4.330" errors="0" timestamp="2026-03-03T13:07:39 IST" skipped="0">
  <testcase classname="testing.Swag_Labs.checkout_functionality" name="checkout_btn" time="3.813"/>
  <testcase classname="testing.Swag_Labs.checkout_functionality" name="firstname" time="0.146"/>
  <testcase classname="testing.Swag_Labs.checkout_functionality" name="lastname" time="0.118"/>
  <testcase classname="testing.Swag_Labs.checkout_functionality" name="pcode" time="0.118"/>
  <testcase classname="testing.Swag_Labs.checkout_functionality" name="cont_btn" time="0.002"/>
  <testcase classname="testing.Swag_Labs.checkout_functionality" name="cancel_btn" time="0.133"/>
</testsuite> <!-- testing.Swag_Labs.checkout_functionality -->
