<?xml version="1.0" encoding="UTF-8"?>
<!-- Generated by org.testng.reporters.JUnitReportReporter -->
<testsuite hostname="SAKSHI" failures="0" tests="4" name="testing.Swag_Labs.menu_functionality" time="15.081" errors="0" timestamp="2026-03-01T17:03:44 IST" skipped="0">
  <testcase classname="testing.Swag_Labs.menu_functionality" name="menu" time="2.812"/>
  <testcase classname="testing.Swag_Labs.menu_functionality" name="all_link" time="1.155"/>
  <testcase classname="testing.Swag_Labs.menu_functionality" name="about" time="8.969"/>
  <testcase classname="testing.Swag_Labs.menu_functionality" name="log_out" time="2.145"/>
</testsuite> <!-- testing.Swag_Labs.menu_functionality -->
