<?xml version="1.0" encoding="UTF-8"?>
<!-- Generated by org.testng.reporters.JUnitReportReporter -->
<testsuite hostname="SAKSHI" failures="0" tests="4" name="testing.Swag_Labs.product_page" time="2.487" errors="0" timestamp="2026-03-01T14:15:40 IST" skipped="0">
  <testcase classname="testing.Swag_Labs.product_page" name="navigate_product_page" time="2.342"/>
  <testcase classname="testing.Swag_Labs.product_page" name="page_title" time="0.064"/>
  <testcase classname="testing.Swag_Labs.product_page" name="product_name" time="0.040"/>
  <testcase classname="testing.Swag_Labs.product_page" name="product_desp" time="0.041"/>
</testsuite> <!-- testing.Swag_Labs.product_page -->
