<?xml version="1.0" encoding="UTF-8"?>
<!-- Generated by org.testng.reporters.JUnitReportReporter -->
<testsuite hostname="SAKSHI" failures="0" tests="5" name="testing.Swag_Labs.login_logout" time="17.367" errors="0" timestamp="2026-02-25T18:09:28 IST" skipped="0">
  <testcase classname="testing.Swag_Labs.login_logout" name="login_out5" time="2.558"/>
  <testcase classname="testing.Swag_Labs.login_logout" name="login_out1" time="2.653"/>
  <testcase classname="testing.Swag_Labs.login_logout" name="login_out2" time="2.382"/>
  <testcase classname="testing.Swag_Labs.login_logout" name="login_out4" time="2.368"/>
  <testcase classname="testing.Swag_Labs.login_logout" name="login_out3" time="7.406"/>
</testsuite> <!-- testing.Swag_Labs.login_logout -->
