<?xml version="1.0" encoding="UTF-8"?>
<!-- Generated by org.testng.reporters.JUnitReportReporter -->
<testsuite hostname="SAKSHI" failures="0" tests="3" name="testing.Swag_Labs.sorting_filter" time="7.380" errors="0" timestamp="2026-03-01T16:12:27 IST" skipped="0">
  <testcase classname="testing.Swag_Labs.sorting_filter" name="sort3" time="1.184"/>
  <testcase classname="testing.Swag_Labs.sorting_filter" name="sort2" time="2.385"/>
  <testcase classname="testing.Swag_Labs.sorting_filter" name="sort1" time="3.811"/>
</testsuite> <!-- testing.Swag_Labs.sorting_filter -->
