<?xml version="1.0" encoding="UTF-8"?>
<!-- Generated by org.testng.reporters.JUnitReportReporter -->
<testsuite hostname="SAKSHI" failures="0" tests="2" name="testing.Swag_Labs.product_detail_navigation" time="7.402" errors="0" timestamp="2026-03-01T16:20:59 IST" skipped="0">
  <testcase classname="testing.Swag_Labs.product_detail_navigation" name="product_detail" time="3.812"/>
  <testcase classname="testing.Swag_Labs.product_detail_navigation" name="image" time="3.590"/>
</testsuite> <!-- testing.Swag_Labs.product_detail_navigation -->
