<?xml version="1.0" encoding="UTF-8"?>
<!-- Generated by org.testng.reporters.JUnitReportReporter -->
<testsuite hostname="SAKSHI" failures="0" tests="3" name="testing.Swag_Labs.add_to_cart" time="12.743" errors="0" timestamp="2026-03-01T15:38:58 IST" skipped="0">
  <testcase classname="testing.Swag_Labs.add_to_cart" name="click_addtocart" time="3.694"/>
  <testcase classname="testing.Swag_Labs.add_to_cart" name="multiple_product" time="5.605"/>
  <testcase classname="testing.Swag_Labs.add_to_cart" name="remove_product" time="3.444"/>
</testsuite> <!-- testing.Swag_Labs.add_to_cart -->
